[Sun, 04 Dec 2022 11:41:52 PM]: Peer [peer_ID 1002] Peer [1002] : Handshake Message (P2PFILESHARINGPROJ1002) sent
[Sun, 04 Dec 2022 11:41:56 PM]: Peer [peer_ID 1002] Peer [1002] : exchanging bitfiled 0
[Sun, 04 Dec 2022 11:42:00 PM]: Peer [peer_ID 1002] Peer [1002] recieved the 'not interested' message from [1001]
[Sun, 04 Dec 2022 11:42:03 PM]: Peer [peer_ID 1002] Peer [1002] has downloaded the piece [40] from [1001]. Now the number of pieces it has is 1
[Sun, 04 Dec 2022 11:42:05 PM]: Peer [peer_ID 1002] Peer [1002] has downloaded the piece [27] from [1001]. Now the number of pieces it has is 2
[Sun, 04 Dec 2022 11:42:07 PM]: Peer [peer_ID 1002] Peer [1002] has downloaded the piece [45] from [1001]. Now the number of pieces it has is 3
[Sun, 04 Dec 2022 11:42:09 PM]: Peer [peer_ID 1002] Peer [1002] has downloaded the piece [37] from [1001]. Now the number of pieces it has is 4
[Sun, 04 Dec 2022 11:42:11 PM]: Peer [peer_ID 1002] Peer [1002] has downloaded the piece [33] from [1001]. Now the number of pieces it has is 5
[Sun, 04 Dec 2022 11:42:13 PM]: Peer [peer_ID 1002] Peer [1002] has downloaded the piece [32] from [1001]. Now the number of pieces it has is 6
[Sun, 04 Dec 2022 11:42:15 PM]: Peer [peer_ID 1002] Peer [1002] has downloaded the piece [29] from [1001]. Now the number of pieces it has is 7
[Sun, 04 Dec 2022 11:42:17 PM]: Peer [peer_ID 1002] Peer [1002] has downloaded the piece [18] from [1001]. Now the number of pieces it has is 8
[Sun, 04 Dec 2022 11:42:19 PM]: Peer [peer_ID 1002] Peer [1002] has downloaded the piece [52] from [1001]. Now the number of pieces it has is 9
[Sun, 04 Dec 2022 11:42:21 PM]: Peer [peer_ID 1002] Peer [1002] has downloaded the piece [58] from [1001]. Now the number of pieces it has is 10
[Sun, 04 Dec 2022 11:42:23 PM]: Peer [peer_ID 1002] Peer [1002] has downloaded the piece [34] from [1001]. Now the number of pieces it has is 11
[Sun, 04 Dec 2022 11:42:25 PM]: Peer [peer_ID 1002] Peer [1002] has downloaded the piece [20] from [1001]. Now the number of pieces it has is 12
[Sun, 04 Dec 2022 11:42:27 PM]: Peer [peer_ID 1002] Peer [1002] has downloaded the piece [59] from [1001]. Now the number of pieces it has is 13
[Sun, 04 Dec 2022 11:42:29 PM]: Peer [peer_ID 1002] Peer [1002] has downloaded the piece [17] from [1001]. Now the number of pieces it has is 14
[Sun, 04 Dec 2022 11:42:31 PM]: Peer [peer_ID 1002] Peer [1002] has downloaded the piece [2] from [1001]. Now the number of pieces it has is 15
[Sun, 04 Dec 2022 11:42:33 PM]: Peer [peer_ID 1002] Peer [1002] has downloaded the piece [56] from [1001]. Now the number of pieces it has is 16
[Sun, 04 Dec 2022 11:42:35 PM]: Peer [peer_ID 1002] Peer [1002] has downloaded the piece [8] from [1001]. Now the number of pieces it has is 17
[Sun, 04 Dec 2022 11:42:37 PM]: Peer [peer_ID 1002] Peer [1002] has downloaded the piece [11] from [1001]. Now the number of pieces it has is 18
[Sun, 04 Dec 2022 11:42:39 PM]: Peer [peer_ID 1002] Peer [1002] has downloaded the piece [66] from [1001]. Now the number of pieces it has is 19
[Sun, 04 Dec 2022 11:42:41 PM]: Peer [peer_ID 1002] Peer [1002] has downloaded the piece [22] from [1001]. Now the number of pieces it has is 20
[Sun, 04 Dec 2022 11:42:43 PM]: Peer [peer_ID 1002] Peer [1002] has downloaded the piece [47] from [1001]. Now the number of pieces it has is 21
[Sun, 04 Dec 2022 11:42:45 PM]: Peer [peer_ID 1002] Peer [1002] has downloaded the piece [39] from [1001]. Now the number of pieces it has is 22
[Sun, 04 Dec 2022 11:42:47 PM]: Peer [peer_ID 1002] Peer [1002] has downloaded the piece [1] from [1001]. Now the number of pieces it has is 23
[Sun, 04 Dec 2022 11:42:49 PM]: Peer [peer_ID 1002] Peer [1002] has downloaded the piece [65] from [1001]. Now the number of pieces it has is 24
[Sun, 04 Dec 2022 11:42:51 PM]: Peer [peer_ID 1002] Peer [1002] has downloaded the piece [41] from [1001]. Now the number of pieces it has is 25
[Sun, 04 Dec 2022 11:42:53 PM]: Peer [peer_ID 1002] Peer [1002] has downloaded the piece [62] from [1001]. Now the number of pieces it has is 26
[Sun, 04 Dec 2022 11:42:55 PM]: Peer [peer_ID 1002] Peer [1002] has downloaded the piece [36] from [1001]. Now the number of pieces it has is 27
[Sun, 04 Dec 2022 11:42:57 PM]: Peer [peer_ID 1002] Peer [1002] has downloaded the piece [64] from [1001]. Now the number of pieces it has is 28
[Sun, 04 Dec 2022 11:42:59 PM]: Peer [peer_ID 1002] Peer [1002] has downloaded the piece [60] from [1001]. Now the number of pieces it has is 29
[Sun, 04 Dec 2022 11:43:01 PM]: Peer [peer_ID 1002] Peer [1002] has downloaded the piece [19] from [1001]. Now the number of pieces it has is 30
[Sun, 04 Dec 2022 11:43:03 PM]: Peer [peer_ID 1002] Peer [1002] has downloaded the piece [55] from [1001]. Now the number of pieces it has is 31
[Sun, 04 Dec 2022 11:43:05 PM]: Peer [peer_ID 1002] Peer [1002] has downloaded the piece [63] from [1001]. Now the number of pieces it has is 32
[Sun, 04 Dec 2022 11:43:07 PM]: Peer [peer_ID 1002] Peer [1002] has downloaded the piece [9] from [1001]. Now the number of pieces it has is 33
[Sun, 04 Dec 2022 11:43:09 PM]: Peer [peer_ID 1002] Peer [1002] has downloaded the piece [53] from [1001]. Now the number of pieces it has is 34
[Sun, 04 Dec 2022 11:43:11 PM]: Peer [peer_ID 1002] Peer [1002] has downloaded the piece [31] from [1001]. Now the number of pieces it has is 35
[Sun, 04 Dec 2022 11:43:13 PM]: Peer [peer_ID 1002] Peer [1002] has downloaded the piece [13] from [1001]. Now the number of pieces it has is 36
[Sun, 04 Dec 2022 11:43:15 PM]: Peer [peer_ID 1002] Peer [1002] has downloaded the piece [28] from [1001]. Now the number of pieces it has is 37
[Sun, 04 Dec 2022 11:43:17 PM]: Peer [peer_ID 1002] Peer [1002] has downloaded the piece [48] from [1001]. Now the number of pieces it has is 38
[Sun, 04 Dec 2022 11:43:19 PM]: Peer [peer_ID 1002] Peer [1002] has downloaded the piece [10] from [1001]. Now the number of pieces it has is 39
[Sun, 04 Dec 2022 11:43:21 PM]: Peer [peer_ID 1002] Peer [1002] has downloaded the piece [26] from [1001]. Now the number of pieces it has is 40
[Sun, 04 Dec 2022 11:43:23 PM]: Peer [peer_ID 1002] Peer [1002] has downloaded the piece [61] from [1001]. Now the number of pieces it has is 41
[Sun, 04 Dec 2022 11:43:25 PM]: Peer [peer_ID 1002] Peer [1002] has downloaded the piece [0] from [1001]. Now the number of pieces it has is 42
[Sun, 04 Dec 2022 11:43:27 PM]: Peer [peer_ID 1002] Peer [1002] has downloaded the piece [12] from [1001]. Now the number of pieces it has is 43
[Sun, 04 Dec 2022 11:43:29 PM]: Peer [peer_ID 1002] Peer [1002] has downloaded the piece [25] from [1001]. Now the number of pieces it has is 44
[Sun, 04 Dec 2022 11:43:31 PM]: Peer [peer_ID 1002] Peer [1002] has downloaded the piece [43] from [1001]. Now the number of pieces it has is 45
[Sun, 04 Dec 2022 11:43:33 PM]: Peer [peer_ID 1002] Peer [1002] has downloaded the piece [16] from [1001]. Now the number of pieces it has is 46
[Sun, 04 Dec 2022 11:43:35 PM]: Peer [peer_ID 1002] Peer [1002] has downloaded the piece [6] from [1001]. Now the number of pieces it has is 47
[Sun, 04 Dec 2022 11:43:37 PM]: Peer [peer_ID 1002] Peer [1002] has downloaded the piece [46] from [1001]. Now the number of pieces it has is 48
[Sun, 04 Dec 2022 11:43:39 PM]: Peer [peer_ID 1002] Peer [1002] has downloaded the piece [7] from [1001]. Now the number of pieces it has is 49
[Sun, 04 Dec 2022 11:43:41 PM]: Peer [peer_ID 1002] Peer [1002] has downloaded the piece [21] from [1001]. Now the number of pieces it has is 50
[Sun, 04 Dec 2022 11:43:43 PM]: Peer [peer_ID 1002] Peer [1002] has downloaded the piece [4] from [1001]. Now the number of pieces it has is 51
[Sun, 04 Dec 2022 11:43:45 PM]: Peer [peer_ID 1002] Peer [1002] has downloaded the piece [50] from [1001]. Now the number of pieces it has is 52
[Sun, 04 Dec 2022 11:43:47 PM]: Peer [peer_ID 1002] Peer [1002] has downloaded the piece [44] from [1001]. Now the number of pieces it has is 53
[Sun, 04 Dec 2022 11:43:49 PM]: Peer [peer_ID 1002] Peer [1002] has downloaded the piece [15] from [1001]. Now the number of pieces it has is 54
[Sun, 04 Dec 2022 11:43:51 PM]: Peer [peer_ID 1002] Peer [1002] has downloaded the piece [49] from [1001]. Now the number of pieces it has is 55
[Sun, 04 Dec 2022 11:43:53 PM]: Peer [peer_ID 1002] Peer [1002] has downloaded the piece [38] from [1001]. Now the number of pieces it has is 56
[Sun, 04 Dec 2022 11:43:55 PM]: Peer [peer_ID 1002] Peer [1002] has downloaded the piece [3] from [1001]. Now the number of pieces it has is 57
[Sun, 04 Dec 2022 11:43:57 PM]: Peer [peer_ID 1002] Peer [1002] has downloaded the piece [24] from [1001]. Now the number of pieces it has is 58
[Sun, 04 Dec 2022 11:43:59 PM]: Peer [peer_ID 1002] Peer [1002] has downloaded the piece [51] from [1001]. Now the number of pieces it has is 59
[Sun, 04 Dec 2022 11:44:01 PM]: Peer [peer_ID 1002] Peer [1002] has downloaded the piece [54] from [1001]. Now the number of pieces it has is 60
[Sun, 04 Dec 2022 11:44:03 PM]: Peer [peer_ID 1002] Peer [1002] has downloaded the piece [35] from [1001]. Now the number of pieces it has is 61
[Sun, 04 Dec 2022 11:44:05 PM]: Peer [peer_ID 1002] Peer [1002] has downloaded the piece [14] from [1001]. Now the number of pieces it has is 62
[Sun, 04 Dec 2022 11:44:07 PM]: Peer [peer_ID 1002] Peer [1002] has downloaded the piece [5] from [1001]. Now the number of pieces it has is 63
[Sun, 04 Dec 2022 11:44:09 PM]: Peer [peer_ID 1002] Peer [1002] has downloaded the piece [42] from [1001]. Now the number of pieces it has is 64
[Sun, 04 Dec 2022 11:44:11 PM]: Peer [peer_ID 1002] Peer [1002] has downloaded the piece [57] from [1001]. Now the number of pieces it has is 65
[Sun, 04 Dec 2022 11:44:13 PM]: Peer [peer_ID 1002] Peer [1002] has downloaded the piece [30] from [1001]. Now the number of pieces it has is 66
[Sun, 04 Dec 2022 11:44:15 PM]: Peer [peer_ID 1002] Peer [1002] has downloaded the piece [23] from [1001]. Now the number of pieces it has is 67
[Sun, 04 Dec 2022 11:44:22 PM]: Peer [peer_ID 1002] Peer [1002] has downloaded the complete file.
